<?xml version="1.0" encoding="UTF-8"?>
<!-- Generated by org.testng.reporters.JUnitXMLReporter -->
<testsuite ignored="0" hostname="DESKTOP-IA0Q6QJ" failures="0" tests="3" name="Default test" time="91.498" errors="0" timestamp="2023-08-15T02:00:37 IST">
  <testcase classname="testNG.DataProvider" name="demo" time="28.723"/>
  <testcase classname="testNG.DataProvider" name="demo" time="32.814"/>
  <testcase classname="testNG.DataProvider" name="demo" time="29.754"/>
</testsuite> <!-- Default test -->
