<?xml version="1.0" encoding="UTF-8"?>
<testng-results ignored="0" total="3" passed="3" failed="0" skipped="0">
  <reporter-output>
  </reporter-output>
  <suite started-at="2023-08-15T01:59:05 IST" name="Default suite" finished-at="2023-08-15T02:00:37 IST" duration-ms="91498">
    <groups>
    </groups>
    <test started-at="2023-08-15T01:59:05 IST" name="Default test" finished-at="2023-08-15T02:00:37 IST" duration-ms="91498">
      <class name="testNG.DataProvider">
        <test-method signature="demo(java.lang.String,java.lang.String)[pri:0, instance:testNG.DataProvider@53aac487]" started-at="2023-08-15T01:59:05 IST" name="demo" data-provider="getData" finished-at="2023-08-15T01:59:34 IST" duration-ms="28723" status="PASS">
          <params>
            <param index="0">
              <value>
                <![CDATA[adsgfhsg]]>
              </value>
            </param>
            <param index="1">
              <value>
                <![CDATA[hhifeihei]]>
              </value>
            </param>
          </params>
          <reporter-output>
          </reporter-output>
        </test-method> <!-- demo -->
        <test-method signature="demo(java.lang.String,java.lang.String)[pri:0, instance:testNG.DataProvider@53aac487]" started-at="2023-08-15T01:59:34 IST" name="demo" data-provider="getData" finished-at="2023-08-15T02:00:07 IST" duration-ms="32814" status="PASS">
          <params>
            <param index="0">
              <value is-null="true"/>
            </param>
            <param index="1">
              <value is-null="true"/>
            </param>
          </params>
          <reporter-output>
          </reporter-output>
        </test-method> <!-- demo -->
        <test-method signature="demo(java.lang.String,java.lang.String)[pri:0, instance:testNG.DataProvider@53aac487]" started-at="2023-08-15T02:00:07 IST" name="demo" data-provider="getData" finished-at="2023-08-15T02:00:37 IST" duration-ms="29754" status="PASS">
          <params>
            <param index="0">
              <value>
                <![CDATA[adsgfhsg]]>
              </value>
            </param>
            <param index="1">
              <value>
                <![CDATA[adsgfhsg]]>
              </value>
            </param>
          </params>
          <reporter-output>
          </reporter-output>
        </test-method> <!-- demo -->
      </class> <!-- testNG.DataProvider -->
    </test> <!-- Default test -->
  </suite> <!-- Default suite -->
</testng-results>
